/*C1*/SET SCHEMA SYSTEM_LOBS
INSERT INTO BLOCKS VALUES(0,2147483647,0)
COMMIT
/*C2*/SET SCHEMA PUBLIC
create table transaction (id varchar(255) not null, account_number integer not null, name varchar(255), date_time timestamp, value numeric(19,2), primary key (id))
INSERT INTO TRANSACTION VALUES('796104da-df4c-4c98-88b2-b2ce2c0cab61',55,'Lucas','2021-06-24 18:36:26.081000',44.00)
COMMIT
INSERT INTO TRANSACTION VALUES('51c113ac-ed5a-4ba4-a03c-1622fdf1a458',55,'Lucas','2021-06-24 18:56:15.016000',110.00)
COMMIT
INSERT INTO TRANSACTION VALUES('ec444e53-7e1c-40fe-b11e-532ffd4d7e86',55,'Lucas','2021-06-24 19:00:02.439000',220.00)
COMMIT
/*C6*/SET SCHEMA PUBLIC
DISCONNECT
/*C2*/DISCONNECT
/*C5*/SET SCHEMA PUBLIC
DISCONNECT
/*C10*/SET SCHEMA PUBLIC
DISCONNECT
/*C9*/SET SCHEMA PUBLIC
DISCONNECT
/*C11*/SET SCHEMA PUBLIC
DISCONNECT
/*C7*/SET SCHEMA PUBLIC
DISCONNECT
/*C3*/SET SCHEMA PUBLIC
DISCONNECT
/*C4*/SET SCHEMA PUBLIC
DISCONNECT
/*C8*/SET SCHEMA PUBLIC
DISCONNECT
/*C12*/SET SCHEMA PUBLIC
INSERT INTO TRANSACTION VALUES('d4b23dc3-66f6-4cd4-b8a3-a875e2e99b2d',55,'Lucas','2021-06-24 19:12:58.775000',1.00)
COMMIT
INSERT INTO TRANSACTION VALUES('ccb126ad-f978-42d3-bb6c-c3bf2a3e7860',55,'Lucas','2021-06-24 19:14:39.410000',2.00)
COMMIT
/*C15*/SET SCHEMA PUBLIC
DISCONNECT
/*C13*/SET SCHEMA PUBLIC
DISCONNECT
/*C14*/SET SCHEMA PUBLIC
DISCONNECT
/*C19*/SET SCHEMA PUBLIC
DISCONNECT
/*C17*/SET SCHEMA PUBLIC
DISCONNECT
/*C20*/SET SCHEMA PUBLIC
DISCONNECT
/*C12*/DISCONNECT
/*C16*/SET SCHEMA PUBLIC
DISCONNECT
/*C18*/SET SCHEMA PUBLIC
DISCONNECT
/*C21*/SET SCHEMA PUBLIC
DISCONNECT
/*C22*/SET SCHEMA PUBLIC
DISCONNECT
/*C27*/SET SCHEMA PUBLIC
DISCONNECT
/*C24*/SET SCHEMA PUBLIC
DISCONNECT
/*C25*/SET SCHEMA PUBLIC
DISCONNECT
/*C26*/SET SCHEMA PUBLIC
DISCONNECT
/*C23*/SET SCHEMA PUBLIC
DISCONNECT
/*C29*/SET SCHEMA PUBLIC
DISCONNECT
/*C28*/SET SCHEMA PUBLIC
DISCONNECT
/*C30*/SET SCHEMA PUBLIC
DISCONNECT
/*C31*/SET SCHEMA PUBLIC
DISCONNECT
/*C32*/SET SCHEMA PUBLIC
INSERT INTO TRANSACTION VALUES('6eabab00-d6da-4c4c-aaff-b95b35627d50',1500,'Lucas','2021-06-24 20:19:22.019000',22.00)
COMMIT
INSERT INTO TRANSACTION VALUES('37ffa607-cec1-4026-ba3d-8713b0080767',1500,'Lucas','2021-06-24 20:19:40.409000',22.00)
COMMIT
INSERT INTO TRANSACTION VALUES('9872d464-73a6-4731-9533-95e447c6c79b',1500,'Lucas','2021-06-24 20:31:57.558000',1.00)
COMMIT
INSERT INTO TRANSACTION VALUES('a253f969-a49e-48e7-b7d5-7d8d26df955e',1500,'Lucas','2021-06-24 20:32:34.392000',115.00)
COMMIT
DISCONNECT
/*C34*/SET SCHEMA PUBLIC
DISCONNECT
/*C35*/SET SCHEMA PUBLIC
DISCONNECT
/*C33*/SET SCHEMA PUBLIC
DISCONNECT
/*C36*/SET SCHEMA PUBLIC
DISCONNECT
/*C37*/SET SCHEMA PUBLIC
DISCONNECT
/*C38*/SET SCHEMA PUBLIC
DISCONNECT
/*C39*/SET SCHEMA PUBLIC
DISCONNECT
/*C40*/SET SCHEMA PUBLIC
DISCONNECT
/*C41*/SET SCHEMA PUBLIC
DISCONNECT
